<?xml version="1.0" encoding="UTF-8"?>
<!-- Generated by org.testng.reporters.JUnitXMLReporter -->
<testsuite ignored="0" hostname="LAPTOP-M0AGGPF6" failures="2" tests="10" name="Default XmlTest name cecdb5fe-e2a5-4b5e-88dc-34eb06d4bf66" time="19.251" errors="0" timestamp="2022-10-01T13:22:11 IDT">
  <testcase classname="BankTest.TestMenus" name="testMenu" time="1.689"/>
  <testcase classname="BankTest.TestMenus" name="testMenu" time="5.999"/>
  <testcase classname="BankTest.TestMenus" name="testMenu" time="1.844"/>
  <testcase classname="BankTest.TestMenus" name="testMenu" time="1.586"/>
  <testcase classname="BankTest.TestMenus" name="testMenu" time="1.134">
    <failure type="org.openqa.selenium.ElementClickInterceptedException" message="element click intercepted: Element &amp;lt;a href=&amp;quot;addAccount.php&amp;quot;&amp;gt;...&amp;lt;/a&amp;gt; is not clickable at point (120, 512). Other element would receive the click: &amp;lt;p align=&amp;quot;right&amp;quot;&amp;gt;...&amp;lt;/p&amp;gt;
  (Session info: chrome=105.0.5195.127)
Build info: version: &amp;apos;4.4.0&amp;apos;, revision: &amp;apos;e5c75ed026a&amp;apos;
System info: host: &amp;apos;LAPTOP-M0AGGPF6&amp;apos;, ip: &amp;apos;192.168.168.227&amp;apos;, os.name: &amp;apos;Windows 10&amp;apos;, os.arch: &amp;apos;amd64&amp;apos;, os.version: &amp;apos;10.0&amp;apos;, java.version: &amp;apos;17.0.4.1&amp;apos;
Driver info: org.openqa.selenium.chrome.ChromeDriver
Command: [9407632b87a25a060cb205d69d8f1d03, clickElement {id=1c232b4e-320d-4a88-83bd-9b2374a8349a}]
Capabilities {acceptInsecureCerts: false, browserName: chrome, browserVersion: 105.0.5195.127, chrome: {chromedriverVersion: 104.0.5112.29 (eff877e18f76..., userDataDir: C:\Users\LENOVO\AppData\Loc...}, goog:chromeOptions: {debuggerAddress: localhost:63270}, networkConnectionEnabled: false, pageLoadStrategy: normal, platformName: WINDOWS, proxy: Proxy(), se:cdp: ws://localhost:63270/devtoo..., se:cdpVersion: 105.0.5195.127, setWindowRect: true, strictFileInteractability: false, timeouts: {implicit: 0, pageLoad: 300000, script: 30000}, unhandledPromptBehavior: dismiss and notify, webauthn:extension:credBlob: true, webauthn:extension:largeBlob: true, webauthn:virtualAuthenticators: true}
Element: [[ChromeDriver: chrome on WINDOWS (9407632b87a25a060cb205d69d8f1d03)] -&amp;gt; link text: New Account]
Session ID: 9407632b87a25a060cb205d69d8f1d03">
      <![CDATA[org.openqa.selenium.ElementClickInterceptedException: element click intercepted: Element <a href="addAccount.php">...</a> is not clickable at point (120, 512). Other element would receive the click: <p align="right">...</p>
  (Session info: chrome=105.0.5195.127)
Build info: version: '4.4.0', revision: 'e5c75ed026a'
System info: host: 'LAPTOP-M0AGGPF6', ip: '192.168.168.227', os.name: 'Windows 10', os.arch: 'amd64', os.version: '10.0', java.version: '17.0.4.1'
Driver info: org.openqa.selenium.chrome.ChromeDriver
Command: [9407632b87a25a060cb205d69d8f1d03, clickElement {id=1c232b4e-320d-4a88-83bd-9b2374a8349a}]
Capabilities {acceptInsecureCerts: false, browserName: chrome, browserVersion: 105.0.5195.127, chrome: {chromedriverVersion: 104.0.5112.29 (eff877e18f76..., userDataDir: C:\Users\LENOVO\AppData\Loc...}, goog:chromeOptions: {debuggerAddress: localhost:63270}, networkConnectionEnabled: false, pageLoadStrategy: normal, platformName: WINDOWS, proxy: Proxy(), se:cdp: ws://localhost:63270/devtoo..., se:cdpVersion: 105.0.5195.127, setWindowRect: true, strictFileInteractability: false, timeouts: {implicit: 0, pageLoad: 300000, script: 30000}, unhandledPromptBehavior: dismiss and notify, webauthn:extension:credBlob: true, webauthn:extension:largeBlob: true, webauthn:virtualAuthenticators: true}
Element: [[ChromeDriver: chrome on WINDOWS (9407632b87a25a060cb205d69d8f1d03)] -> link text: New Account]
Session ID: 9407632b87a25a060cb205d69d8f1d03
at org.openqa.selenium.remote.codec.w3c.W3CHttpResponseCodec.createException(W3CHttpResponseCodec.java:200)
at org.openqa.selenium.remote.codec.w3c.W3CHttpResponseCodec.decode(W3CHttpResponseCodec.java:133)
at org.openqa.selenium.remote.codec.w3c.W3CHttpResponseCodec.decode(W3CHttpResponseCodec.java:53)
at org.openqa.selenium.remote.HttpCommandExecutor.execute(HttpCommandExecutor.java:184)
at org.openqa.selenium.remote.service.DriverCommandExecutor.invokeExecute(DriverCommandExecutor.java:167)
at org.openqa.selenium.remote.service.DriverCommandExecutor.execute(DriverCommandExecutor.java:142)
at org.openqa.selenium.remote.RemoteWebDriver.execute(RemoteWebDriver.java:547)
at org.openqa.selenium.remote.RemoteWebElement.execute(RemoteWebElement.java:257)
at org.openqa.selenium.remote.RemoteWebElement.click(RemoteWebElement.java:78)
at BankTest.TestMenus.testMenu(TestMenus.java:49)
at java.base/java.util.ArrayList.forEach(ArrayList.java:1511)
... Removed 36 stack frames]]>
    </failure>
  </testcase> <!-- testMenu -->
  <testcase classname="BankTest.TestMenus" name="testMenu" time="1.962"/>
  <testcase classname="BankTest.TestMenus" name="testMenu" time="1.59"/>
  <testcase classname="BankTest.TestMenus" name="testMenu" time="1.39"/>
  <testcase classname="BankTest.TestMenus" name="testMenu" time="1.407">
    <failure type="java.lang.AssertionError" message="expected [true] but found [false]">
      <![CDATA[java.lang.AssertionError: expected [true] but found [false]
at BankTest.TestMenus.testMenu(TestMenus.java:60)
at java.base/java.util.ArrayList.forEach(ArrayList.java:1511)
... Removed 35 stack frames]]>
    </failure>
  </testcase> <!-- testMenu -->
  <testcase classname="BankTest.TestMenus" name="testMenu" time="0.0"/>
</testsuite> <!-- Default XmlTest name cecdb5fe-e2a5-4b5e-88dc-34eb06d4bf66 -->
