<?xml version="1.0" encoding="UTF-8"?>
<!-- Generated by org.testng.reporters.JUnitXMLReporter -->
<testsuite ignored="0" hostname="LAPTOP-M0AGGPF6" failures="1" tests="1" name="Default XmlTest name 1c65c141-ae08-429b-af1f-ee3100705c35" time="0.006" errors="0" timestamp="2022-10-01T13:23:52 IDT">
  <testcase classname="TestBrowsersWithParameters" name="testBrowsers" time="0.0">
    <failure type="org.testng.TestNGException" message="
Parameter &amp;apos;browser&amp;apos; is required by @Test on method testBrowsers but has not been marked @Optional or defined
">
      <![CDATA[org.testng.TestNGException: 
Parameter 'browser' is required by @Test on method testBrowsers but has not been marked @Optional or defined

at java.base/java.util.ArrayList.forEach(ArrayList.java:1511)
... Removed 30 stack frames]]>
    </failure>
  </testcase> <!-- testBrowsers -->
</testsuite> <!-- Default XmlTest name 1c65c141-ae08-429b-af1f-ee3100705c35 -->
