<?xml version="1.0" encoding="UTF-8"?>
<!-- Generated by org.testng.reporters.JUnitXMLReporter -->
<testsuite ignored="0" hostname="LAPTOP-M0AGGPF6" failures="0" tests="0" time="0.003" errors="0" timestamp="2022-10-01T13:23:29 IDT">
  <testcase classname="Trello.PageUpdateTest" name="@BeforeTest getBrowserNameFromTestNG" time="-1.664619809579E9">
    <failure type="org.testng.TestNGException" message="
Parameter &amp;apos;browser&amp;apos; is required by BeforeTest on method getBrowserNameFromTestNG but has not been marked @Optional or defined
">
      <![CDATA[org.testng.TestNGException: 
Parameter 'browser' is required by BeforeTest on method getBrowserNameFromTestNG but has not been marked @Optional or defined

... Removed 25 stack frames]]>
    </failure>
  </testcase> <!-- @BeforeTest getBrowserNameFromTestNG -->
</testsuite>
