<?xml version="1.0" encoding="UTF-8"?>
<!-- Generated by org.testng.reporters.JUnitReportReporter -->
<testsuite hostname="LAPTOP-M0AGGPF6" failures="0" tests="5" name="Trello.PageUpdateTest" time="-1664489984.000" errors="1" timestamp="2022-09-30T01:19:09 IDT" skipped="4">
  <testcase classname="Trello.PageUpdateTest" name="CreateCard" time="0.000">
    <skipped/>
  </testcase> <!-- CreateCard -->
  <system-out/>
  <testcase classname="Trello.PageUpdateTest" name="DownloadFile" time="0.000">
    <skipped/>
  </testcase> <!-- DownloadFile -->
  <system-out/>
  <testcase classname="Trello.PageUpdateTest" name="getBrowserNameFromTestNG" time="-1664489984.000">
    <error message="
Parameter &#039;browser&#039; is required by BeforeTest on method getBrowserNameFromTestNG but has not been marked @Optional or defined
in C:\Users\LENOVO\AppData\Local\Temp\testng-eclipse--263218806\testng-customsuite.xml" type="org.testng.TestNGException">
      <![CDATA[org.testng.TestNGException: 
Parameter 'browser' is required by BeforeTest on method getBrowserNameFromTestNG but has not been marked @Optional or defined
in C:\Users\LENOVO\AppData\Local\Temp\testng-eclipse--263218806\testng-customsuite.xml
at org.testng.internal.Parameters.createParams(Parameters.java:267)
at org.testng.internal.Parameters.createParametersForMethod(Parameters.java:355)
at org.testng.internal.Parameters.createParameters(Parameters.java:684)
at org.testng.internal.Parameters.createConfigurationParameters(Parameters.java:166)
at org.testng.internal.invokers.ConfigInvoker.invokeConfigurations(ConfigInvoker.java:277)
at org.testng.TestRunner.invokeTestConfigurations(TestRunner.java:643)
at org.testng.TestRunner.beforeRun(TestRunner.java:632)
at org.testng.TestRunner.run(TestRunner.java:594)
at org.testng.SuiteRunner.runTest(SuiteRunner.java:433)
at org.testng.SuiteRunner.runSequentially(SuiteRunner.java:427)
at org.testng.SuiteRunner.privateRun(SuiteRunner.java:387)
at org.testng.SuiteRunner.run(SuiteRunner.java:330)
at org.testng.SuiteRunnerWorker.runSuite(SuiteRunnerWorker.java:52)
at org.testng.SuiteRunnerWorker.run(SuiteRunnerWorker.java:95)
at org.testng.TestNG.runSuitesSequentially(TestNG.java:1256)
at org.testng.TestNG.runSuitesLocally(TestNG.java:1176)
at org.testng.TestNG.runSuites(TestNG.java:1099)
at org.testng.TestNG.run(TestNG.java:1067)
at org.testng.remote.AbstractRemoteTestNG.run(AbstractRemoteTestNG.java:115)
at org.testng.remote.RemoteTestNG.initAndRun(RemoteTestNG.java:251)
at org.testng.remote.RemoteTestNG.main(RemoteTestNG.java:77)
]]>
    </error>
  </testcase> <!-- getBrowserNameFromTestNG -->
  <system-out/>
  <testcase classname="Trello.PageUpdateTest" name="CompareFiles" time="0.000">
    <skipped/>
  </testcase> <!-- CompareFiles -->
  <system-out/>
  <testcase classname="Trello.PageUpdateTest" name="UploadFile" time="0.000">
    <skipped/>
  </testcase> <!-- UploadFile -->
  <system-out/>
</testsuite> <!-- Trello.PageUpdateTest -->
