<?xml version="1.0" encoding="UTF-8"?>
<!-- Generated by org.testng.reporters.JUnitXMLReporter -->
<testsuite ignored="0" hostname="LAPTOP-M0AGGPF6" failures="0" tests="4" name="Default XmlTest name 63f5fd32-7e7f-4f84-9bc5-0ed976e256e7" time="0.01" errors="0" timestamp="2022-10-01T13:24:15 IDT">
  <testcase classname="Trello.FileTest" name="@BeforeTest getBrowserNameFromTestNG" time="-1.664619855713E9">
    <failure type="org.testng.TestNGException" message="
Parameter &amp;apos;browser&amp;apos; is required by BeforeTest on method getBrowserNameFromTestNG but has not been marked @Optional or defined
">
      <![CDATA[org.testng.TestNGException: 
Parameter 'browser' is required by BeforeTest on method getBrowserNameFromTestNG but has not been marked @Optional or defined

... Removed 25 stack frames]]>
    </failure>
  </testcase> <!-- @BeforeTest getBrowserNameFromTestNG -->
  <testcase classname="Trello.FileTest" name="@BeforeClass setUp" time="0.0">
    <skipped/>
  </testcase> <!-- @BeforeClass setUp -->
  <testcase classname="Trello.FileTest" name="@AfterClass tearDown" time="0.0">
    <skipped/>
  </testcase> <!-- @AfterClass tearDown -->
  <testcase classname="Trello.FileTest" name="CreateCard" time="0.0">
    <skipped/>
  </testcase> <!-- CreateCard -->
  <testcase classname="Trello.FileTest" name="UploadFile" time="0.0">
    <skipped/>
  </testcase> <!-- UploadFile -->
  <testcase classname="Trello.FileTest" name="DownloadFile" time="0.0">
    <skipped/>
  </testcase> <!-- DownloadFile -->
  <testcase classname="Trello.FileTest" name="CompareFiles" time="0.0">
    <skipped/>
  </testcase> <!-- CompareFiles -->
</testsuite> <!-- Default XmlTest name 63f5fd32-7e7f-4f84-9bc5-0ed976e256e7 -->
